  世界ol—幻影马车出手计算(无初始出手).cpp
c:\users\a'use\desktop\世界ol—幻影马车出手计算\世界ol—幻影马车出手计算\世界ol—幻影马车出手计算(无初始出手).cpp(59): warning C4244: “=”: 从“double”转换到“float”，可能丢失数据
c:\users\a'use\desktop\世界ol—幻影马车出手计算\世界ol—幻影马车出手计算\世界ol—幻影马车出手计算(无初始出手).cpp(71): warning C4244: “=”: 从“float”转换到“int”，可能丢失数据
c:\users\a'use\desktop\世界ol—幻影马车出手计算\世界ol—幻影马车出手计算\世界ol—幻影马车出手计算(无初始出手).cpp(72): warning C4244: “=”: 从“double”转换到“float”，可能丢失数据
c:\users\a'use\desktop\世界ol—幻影马车出手计算\世界ol—幻影马车出手计算\世界ol—幻影马车出手计算(无初始出手).cpp(73): warning C4244: “=”: 从“float”转换到“int”，可能丢失数据
c:\users\a'use\desktop\世界ol—幻影马车出手计算\世界ol—幻影马车出手计算\世界ol—幻影马车出手计算(无初始出手).cpp(82): warning C4244: “=”: 从“double”转换到“float”，可能丢失数据
c:\users\a'use\desktop\世界ol—幻影马车出手计算\世界ol—幻影马车出手计算\世界ol—幻影马车出手计算(无初始出手).cpp(89): warning C4244: “=”: 从“float”转换到“int”，可能丢失数据
c:\users\a'use\desktop\世界ol—幻影马车出手计算\世界ol—幻影马车出手计算\世界ol—幻影马车出手计算(无初始出手).cpp(90): warning C4244: “=”: 从“double”转换到“float”，可能丢失数据
c:\users\a'use\desktop\世界ol—幻影马车出手计算\世界ol—幻影马车出手计算\世界ol—幻影马车出手计算(无初始出手).cpp(91): warning C4244: “=”: 从“float”转换到“int”，可能丢失数据
c:\users\a'use\desktop\世界ol—幻影马车出手计算\世界ol—幻影马车出手计算\世界ol—幻影马车出手计算(无初始出手).cpp(100): warning C4244: “=”: 从“float”转换到“int”，可能丢失数据
c:\users\a'use\desktop\世界ol—幻影马车出手计算\世界ol—幻影马车出手计算\世界ol—幻影马车出手计算(无初始出手).cpp(101): warning C4244: “=”: 从“double”转换到“float”，可能丢失数据
c:\users\a'use\desktop\世界ol—幻影马车出手计算\世界ol—幻影马车出手计算\世界ol—幻影马车出手计算(无初始出手).cpp(102): warning C4244: “=”: 从“float”转换到“int”，可能丢失数据
c:\users\a'use\desktop\世界ol—幻影马车出手计算\世界ol—幻影马车出手计算\世界ol—幻影马车出手计算(无初始出手).cpp(105): warning C4244: “=”: 从“double”转换到“float”，可能丢失数据
c:\users\a'use\desktop\世界ol—幻影马车出手计算\世界ol—幻影马车出手计算\世界ol—幻影马车出手计算(无初始出手).cpp(112): warning C4244: “=”: 从“float”转换到“int”，可能丢失数据
c:\users\a'use\desktop\世界ol—幻影马车出手计算\世界ol—幻影马车出手计算\世界ol—幻影马车出手计算(无初始出手).cpp(113): warning C4244: “=”: 从“double”转换到“float”，可能丢失数据
c:\users\a'use\desktop\世界ol—幻影马车出手计算\世界ol—幻影马车出手计算\世界ol—幻影马车出手计算(无初始出手).cpp(114): warning C4244: “=”: 从“float”转换到“int”，可能丢失数据
c:\users\a'use\desktop\世界ol—幻影马车出手计算\世界ol—幻影马车出手计算\世界ol—幻影马车出手计算(无初始出手).cpp(123): warning C4244: “=”: 从“float”转换到“int”，可能丢失数据
c:\users\a'use\desktop\世界ol—幻影马车出手计算\世界ol—幻影马车出手计算\世界ol—幻影马车出手计算(无初始出手).cpp(124): warning C4244: “=”: 从“double”转换到“float”，可能丢失数据
c:\users\a'use\desktop\世界ol—幻影马车出手计算\世界ol—幻影马车出手计算\世界ol—幻影马车出手计算(无初始出手).cpp(125): warning C4244: “=”: 从“float”转换到“int”，可能丢失数据
c:\users\a'use\desktop\世界ol—幻影马车出手计算\世界ol—幻影马车出手计算\世界ol—幻影马车出手计算(无初始出手).cpp(128): warning C4244: “=”: 从“float”转换到“int”，可能丢失数据
c:\users\a'use\desktop\世界ol—幻影马车出手计算\世界ol—幻影马车出手计算\世界ol—幻影马车出手计算(无初始出手).cpp(129): warning C4244: “=”: 从“double”转换到“float”，可能丢失数据
c:\users\a'use\desktop\世界ol—幻影马车出手计算\世界ol—幻影马车出手计算\世界ol—幻影马车出手计算(无初始出手).cpp(130): warning C4244: “=”: 从“float”转换到“int”，可能丢失数据
c:\users\a'use\desktop\世界ol—幻影马车出手计算\世界ol—幻影马车出手计算\世界ol—幻影马车出手计算(无初始出手).cpp(133): warning C4244: “=”: 从“double”转换到“float”，可能丢失数据
c:\users\a'use\desktop\世界ol—幻影马车出手计算\世界ol—幻影马车出手计算\世界ol—幻影马车出手计算(无初始出手).cpp(140): warning C4244: “=”: 从“float”转换到“int”，可能丢失数据
c:\users\a'use\desktop\世界ol—幻影马车出手计算\世界ol—幻影马车出手计算\世界ol—幻影马车出手计算(无初始出手).cpp(141): warning C4244: “=”: 从“double”转换到“float”，可能丢失数据
c:\users\a'use\desktop\世界ol—幻影马车出手计算\世界ol—幻影马车出手计算\世界ol—幻影马车出手计算(无初始出手).cpp(142): warning C4244: “=”: 从“float”转换到“int”，可能丢失数据
c:\users\a'use\desktop\世界ol—幻影马车出手计算\世界ol—幻影马车出手计算\世界ol—幻影马车出手计算(无初始出手).cpp(151): warning C4244: “=”: 从“float”转换到“int”，可能丢失数据
c:\users\a'use\desktop\世界ol—幻影马车出手计算\世界ol—幻影马车出手计算\世界ol—幻影马车出手计算(无初始出手).cpp(152): warning C4244: “=”: 从“double”转换到“float”，可能丢失数据
c:\users\a'use\desktop\世界ol—幻影马车出手计算\世界ol—幻影马车出手计算\世界ol—幻影马车出手计算(无初始出手).cpp(153): warning C4244: “=”: 从“float”转换到“int”，可能丢失数据
c:\users\a'use\desktop\世界ol—幻影马车出手计算\世界ol—幻影马车出手计算\世界ol—幻影马车出手计算(无初始出手).cpp(156): warning C4244: “=”: 从“float”转换到“int”，可能丢失数据
c:\users\a'use\desktop\世界ol—幻影马车出手计算\世界ol—幻影马车出手计算\世界ol—幻影马车出手计算(无初始出手).cpp(157): warning C4244: “=”: 从“double”转换到“float”，可能丢失数据
c:\users\a'use\desktop\世界ol—幻影马车出手计算\世界ol—幻影马车出手计算\世界ol—幻影马车出手计算(无初始出手).cpp(158): warning C4244: “=”: 从“float”转换到“int”，可能丢失数据
c:\users\a'use\desktop\世界ol—幻影马车出手计算\世界ol—幻影马车出手计算\世界ol—幻影马车出手计算(无初始出手).cpp(161): warning C4244: “=”: 从“float”转换到“int”，可能丢失数据
c:\users\a'use\desktop\世界ol—幻影马车出手计算\世界ol—幻影马车出手计算\世界ol—幻影马车出手计算(无初始出手).cpp(162): warning C4244: “=”: 从“double”转换到“float”，可能丢失数据
c:\users\a'use\desktop\世界ol—幻影马车出手计算\世界ol—幻影马车出手计算\世界ol—幻影马车出手计算(无初始出手).cpp(163): warning C4244: “=”: 从“float”转换到“int”，可能丢失数据
c:\users\a'use\desktop\世界ol—幻影马车出手计算\世界ol—幻影马车出手计算\世界ol—幻影马车出手计算(无初始出手).cpp(166): warning C4244: “=”: 从“double”转换到“float”，可能丢失数据
c:\users\a'use\desktop\世界ol—幻影马车出手计算\世界ol—幻影马车出手计算\世界ol—幻影马车出手计算(无初始出手).cpp(173): warning C4244: “=”: 从“float”转换到“int”，可能丢失数据
c:\users\a'use\desktop\世界ol—幻影马车出手计算\世界ol—幻影马车出手计算\世界ol—幻影马车出手计算(无初始出手).cpp(174): warning C4244: “=”: 从“double”转换到“float”，可能丢失数据
c:\users\a'use\desktop\世界ol—幻影马车出手计算\世界ol—幻影马车出手计算\世界ol—幻影马车出手计算(无初始出手).cpp(175): warning C4244: “=”: 从“float”转换到“int”，可能丢失数据
c:\users\a'use\desktop\世界ol—幻影马车出手计算\世界ol—幻影马车出手计算\世界ol—幻影马车出手计算(无初始出手).cpp(184): warning C4244: “=”: 从“float”转换到“int”，可能丢失数据
c:\users\a'use\desktop\世界ol—幻影马车出手计算\世界ol—幻影马车出手计算\世界ol—幻影马车出手计算(无初始出手).cpp(185): warning C4244: “=”: 从“double”转换到“float”，可能丢失数据
c:\users\a'use\desktop\世界ol—幻影马车出手计算\世界ol—幻影马车出手计算\世界ol—幻影马车出手计算(无初始出手).cpp(186): warning C4244: “=”: 从“float”转换到“int”，可能丢失数据
c:\users\a'use\desktop\世界ol—幻影马车出手计算\世界ol—幻影马车出手计算\世界ol—幻影马车出手计算(无初始出手).cpp(189): warning C4244: “=”: 从“float”转换到“int”，可能丢失数据
c:\users\a'use\desktop\世界ol—幻影马车出手计算\世界ol—幻影马车出手计算\世界ol—幻影马车出手计算(无初始出手).cpp(190): warning C4244: “=”: 从“double”转换到“float”，可能丢失数据
c:\users\a'use\desktop\世界ol—幻影马车出手计算\世界ol—幻影马车出手计算\世界ol—幻影马车出手计算(无初始出手).cpp(191): warning C4244: “=”: 从“float”转换到“int”，可能丢失数据
c:\users\a'use\desktop\世界ol—幻影马车出手计算\世界ol—幻影马车出手计算\世界ol—幻影马车出手计算(无初始出手).cpp(194): warning C4244: “=”: 从“float”转换到“int”，可能丢失数据
c:\users\a'use\desktop\世界ol—幻影马车出手计算\世界ol—幻影马车出手计算\世界ol—幻影马车出手计算(无初始出手).cpp(195): warning C4244: “=”: 从“double”转换到“float”，可能丢失数据
c:\users\a'use\desktop\世界ol—幻影马车出手计算\世界ol—幻影马车出手计算\世界ol—幻影马车出手计算(无初始出手).cpp(196): warning C4244: “=”: 从“float”转换到“int”，可能丢失数据
c:\users\a'use\desktop\世界ol—幻影马车出手计算\世界ol—幻影马车出手计算\世界ol—幻影马车出手计算(无初始出手).cpp(199): warning C4244: “=”: 从“float”转换到“int”，可能丢失数据
c:\users\a'use\desktop\世界ol—幻影马车出手计算\世界ol—幻影马车出手计算\世界ol—幻影马车出手计算(无初始出手).cpp(200): warning C4244: “=”: 从“double”转换到“float”，可能丢失数据
c:\users\a'use\desktop\世界ol—幻影马车出手计算\世界ol—幻影马车出手计算\世界ol—幻影马车出手计算(无初始出手).cpp(201): warning C4244: “=”: 从“float”转换到“int”，可能丢失数据
c:\users\a'use\desktop\世界ol—幻影马车出手计算\世界ol—幻影马车出手计算\世界ol—幻影马车出手计算(无初始出手).cpp(204): warning C4244: “=”: 从“double”转换到“float”，可能丢失数据
c:\users\a'use\desktop\世界ol—幻影马车出手计算\世界ol—幻影马车出手计算\世界ol—幻影马车出手计算(无初始出手).cpp(211): warning C4244: “=”: 从“float”转换到“int”，可能丢失数据
c:\users\a'use\desktop\世界ol—幻影马车出手计算\世界ol—幻影马车出手计算\世界ol—幻影马车出手计算(无初始出手).cpp(212): warning C4244: “=”: 从“double”转换到“float”，可能丢失数据
c:\users\a'use\desktop\世界ol—幻影马车出手计算\世界ol—幻影马车出手计算\世界ol—幻影马车出手计算(无初始出手).cpp(213): warning C4244: “=”: 从“float”转换到“int”，可能丢失数据
c:\users\a'use\desktop\世界ol—幻影马车出手计算\世界ol—幻影马车出手计算\世界ol—幻影马车出手计算(无初始出手).cpp(222): warning C4244: “=”: 从“float”转换到“int”，可能丢失数据
c:\users\a'use\desktop\世界ol—幻影马车出手计算\世界ol—幻影马车出手计算\世界ol—幻影马车出手计算(无初始出手).cpp(223): warning C4244: “=”: 从“double”转换到“float”，可能丢失数据
c:\users\a'use\desktop\世界ol—幻影马车出手计算\世界ol—幻影马车出手计算\世界ol—幻影马车出手计算(无初始出手).cpp(224): warning C4244: “=”: 从“float”转换到“int”，可能丢失数据
c:\users\a'use\desktop\世界ol—幻影马车出手计算\世界ol—幻影马车出手计算\世界ol—幻影马车出手计算(无初始出手).cpp(227): warning C4244: “=”: 从“float”转换到“int”，可能丢失数据
c:\users\a'use\desktop\世界ol—幻影马车出手计算\世界ol—幻影马车出手计算\世界ol—幻影马车出手计算(无初始出手).cpp(228): warning C4244: “=”: 从“double”转换到“float”，可能丢失数据
c:\users\a'use\desktop\世界ol—幻影马车出手计算\世界ol—幻影马车出手计算\世界ol—幻影马车出手计算(无初始出手).cpp(229): warning C4244: “=”: 从“float”转换到“int”，可能丢失数据
c:\users\a'use\desktop\世界ol—幻影马车出手计算\世界ol—幻影马车出手计算\世界ol—幻影马车出手计算(无初始出手).cpp(232): warning C4244: “=”: 从“float”转换到“int”，可能丢失数据
c:\users\a'use\desktop\世界ol—幻影马车出手计算\世界ol—幻影马车出手计算\世界ol—幻影马车出手计算(无初始出手).cpp(233): warning C4244: “=”: 从“double”转换到“float”，可能丢失数据
c:\users\a'use\desktop\世界ol—幻影马车出手计算\世界ol—幻影马车出手计算\世界ol—幻影马车出手计算(无初始出手).cpp(234): warning C4244: “=”: 从“float”转换到“int”，可能丢失数据
c:\users\a'use\desktop\世界ol—幻影马车出手计算\世界ol—幻影马车出手计算\世界ol—幻影马车出手计算(无初始出手).cpp(237): warning C4244: “=”: 从“float”转换到“int”，可能丢失数据
c:\users\a'use\desktop\世界ol—幻影马车出手计算\世界ol—幻影马车出手计算\世界ol—幻影马车出手计算(无初始出手).cpp(238): warning C4244: “=”: 从“double”转换到“float”，可能丢失数据
c:\users\a'use\desktop\世界ol—幻影马车出手计算\世界ol—幻影马车出手计算\世界ol—幻影马车出手计算(无初始出手).cpp(239): warning C4244: “=”: 从“float”转换到“int”，可能丢失数据
c:\users\a'use\desktop\世界ol—幻影马车出手计算\世界ol—幻影马车出手计算\世界ol—幻影马车出手计算(无初始出手).cpp(242): warning C4244: “=”: 从“float”转换到“int”，可能丢失数据
c:\users\a'use\desktop\世界ol—幻影马车出手计算\世界ol—幻影马车出手计算\世界ol—幻影马车出手计算(无初始出手).cpp(243): warning C4244: “=”: 从“double”转换到“float”，可能丢失数据
c:\users\a'use\desktop\世界ol—幻影马车出手计算\世界ol—幻影马车出手计算\世界ol—幻影马车出手计算(无初始出手).cpp(244): warning C4244: “=”: 从“float”转换到“int”，可能丢失数据
c:\users\a'use\desktop\世界ol—幻影马车出手计算\世界ol—幻影马车出手计算\世界ol—幻影马车出手计算(无初始出手).cpp(247): warning C4244: “=”: 从“double”转换到“float”，可能丢失数据
c:\users\a'use\desktop\世界ol—幻影马车出手计算\世界ol—幻影马车出手计算\世界ol—幻影马车出手计算(无初始出手).cpp(254): warning C4244: “=”: 从“float”转换到“int”，可能丢失数据
c:\users\a'use\desktop\世界ol—幻影马车出手计算\世界ol—幻影马车出手计算\世界ol—幻影马车出手计算(无初始出手).cpp(255): warning C4244: “=”: 从“double”转换到“float”，可能丢失数据
c:\users\a'use\desktop\世界ol—幻影马车出手计算\世界ol—幻影马车出手计算\世界ol—幻影马车出手计算(无初始出手).cpp(256): warning C4244: “=”: 从“float”转换到“int”，可能丢失数据
c:\users\a'use\desktop\世界ol—幻影马车出手计算\世界ol—幻影马车出手计算\世界ol—幻影马车出手计算(无初始出手).cpp(265): warning C4244: “=”: 从“float”转换到“int”，可能丢失数据
c:\users\a'use\desktop\世界ol—幻影马车出手计算\世界ol—幻影马车出手计算\世界ol—幻影马车出手计算(无初始出手).cpp(266): warning C4244: “=”: 从“double”转换到“float”，可能丢失数据
c:\users\a'use\desktop\世界ol—幻影马车出手计算\世界ol—幻影马车出手计算\世界ol—幻影马车出手计算(无初始出手).cpp(267): warning C4244: “=”: 从“float”转换到“int”，可能丢失数据
c:\users\a'use\desktop\世界ol—幻影马车出手计算\世界ol—幻影马车出手计算\世界ol—幻影马车出手计算(无初始出手).cpp(270): warning C4244: “=”: 从“float”转换到“int”，可能丢失数据
c:\users\a'use\desktop\世界ol—幻影马车出手计算\世界ol—幻影马车出手计算\世界ol—幻影马车出手计算(无初始出手).cpp(271): warning C4244: “=”: 从“double”转换到“float”，可能丢失数据
c:\users\a'use\desktop\世界ol—幻影马车出手计算\世界ol—幻影马车出手计算\世界ol—幻影马车出手计算(无初始出手).cpp(272): warning C4244: “=”: 从“float”转换到“int”，可能丢失数据
c:\users\a'use\desktop\世界ol—幻影马车出手计算\世界ol—幻影马车出手计算\世界ol—幻影马车出手计算(无初始出手).cpp(275): warning C4244: “=”: 从“float”转换到“int”，可能丢失数据
c:\users\a'use\desktop\世界ol—幻影马车出手计算\世界ol—幻影马车出手计算\世界ol—幻影马车出手计算(无初始出手).cpp(276): warning C4244: “=”: 从“double”转换到“float”，可能丢失数据
c:\users\a'use\desktop\世界ol—幻影马车出手计算\世界ol—幻影马车出手计算\世界ol—幻影马车出手计算(无初始出手).cpp(277): warning C4244: “=”: 从“float”转换到“int”，可能丢失数据
c:\users\a'use\desktop\世界ol—幻影马车出手计算\世界ol—幻影马车出手计算\世界ol—幻影马车出手计算(无初始出手).cpp(280): warning C4244: “=”: 从“float”转换到“int”，可能丢失数据
c:\users\a'use\desktop\世界ol—幻影马车出手计算\世界ol—幻影马车出手计算\世界ol—幻影马车出手计算(无初始出手).cpp(281): warning C4244: “=”: 从“double”转换到“float”，可能丢失数据
c:\users\a'use\desktop\世界ol—幻影马车出手计算\世界ol—幻影马车出手计算\世界ol—幻影马车出手计算(无初始出手).cpp(282): warning C4244: “=”: 从“float”转换到“int”，可能丢失数据
c:\users\a'use\desktop\世界ol—幻影马车出手计算\世界ol—幻影马车出手计算\世界ol—幻影马车出手计算(无初始出手).cpp(285): warning C4244: “=”: 从“float”转换到“int”，可能丢失数据
c:\users\a'use\desktop\世界ol—幻影马车出手计算\世界ol—幻影马车出手计算\世界ol—幻影马车出手计算(无初始出手).cpp(286): warning C4244: “=”: 从“double”转换到“float”，可能丢失数据
c:\users\a'use\desktop\世界ol—幻影马车出手计算\世界ol—幻影马车出手计算\世界ol—幻影马车出手计算(无初始出手).cpp(287): warning C4244: “=”: 从“float”转换到“int”，可能丢失数据
c:\users\a'use\desktop\世界ol—幻影马车出手计算\世界ol—幻影马车出手计算\世界ol—幻影马车出手计算(无初始出手).cpp(290): warning C4244: “=”: 从“float”转换到“int”，可能丢失数据
c:\users\a'use\desktop\世界ol—幻影马车出手计算\世界ol—幻影马车出手计算\世界ol—幻影马车出手计算(无初始出手).cpp(291): warning C4244: “=”: 从“double”转换到“float”，可能丢失数据
c:\users\a'use\desktop\世界ol—幻影马车出手计算\世界ol—幻影马车出手计算\世界ol—幻影马车出手计算(无初始出手).cpp(292): warning C4244: “=”: 从“float”转换到“int”，可能丢失数据
c:\users\a'use\desktop\世界ol—幻影马车出手计算\世界ol—幻影马车出手计算\世界ol—幻影马车出手计算(无初始出手).cpp(295): warning C4244: “=”: 从“double”转换到“float”，可能丢失数据
c:\users\a'use\desktop\世界ol—幻影马车出手计算\世界ol—幻影马车出手计算\世界ol—幻影马车出手计算(无初始出手).cpp(302): warning C4244: “=”: 从“float”转换到“int”，可能丢失数据
c:\users\a'use\desktop\世界ol—幻影马车出手计算\世界ol—幻影马车出手计算\世界ol—幻影马车出手计算(无初始出手).cpp(303): warning C4244: “=”: 从“double”转换到“float”，可能丢失数据
c:\users\a'use\desktop\世界ol—幻影马车出手计算\世界ol—幻影马车出手计算\世界ol—幻影马车出手计算(无初始出手).cpp(304): warning C4244: “=”: 从“float”转换到“int”，可能丢失数据
c:\users\a'use\desktop\世界ol—幻影马车出手计算\世界ol—幻影马车出手计算\世界ol—幻影马车出手计算(无初始出手).cpp(313): warning C4244: “=”: 从“float”转换到“int”，可能丢失数据
c:\users\a'use\desktop\世界ol—幻影马车出手计算\世界ol—幻影马车出手计算\世界ol—幻影马车出手计算(无初始出手).cpp(314): warning C4244: “=”: 从“double”转换到“float”，可能丢失数据
c:\users\a'use\desktop\世界ol—幻影马车出手计算\世界ol—幻影马车出手计算\世界ol—幻影马车出手计算(无初始出手).cpp(315): warning C4244: “=”: 从“float”转换到“int”，可能丢失数据
c:\users\a'use\desktop\世界ol—幻影马车出手计算\世界ol—幻影马车出手计算\世界ol—幻影马车出手计算(无初始出手).cpp(318): warning C4244: “=”: 从“float”转换到“int”，可能丢失数据
c:\users\a'use\desktop\世界ol—幻影马车出手计算\世界ol—幻影马车出手计算\世界ol—幻影马车出手计算(无初始出手).cpp(319): warning C4244: “=”: 从“double”转换到“float”，可能丢失数据
c:\users\a'use\desktop\世界ol—幻影马车出手计算\世界ol—幻影马车出手计算\世界ol—幻影马车出手计算(无初始出手).cpp(320): warning C4244: “=”: 从“float”转换到“int”，可能丢失数据
c:\users\a'use\desktop\世界ol—幻影马车出手计算\世界ol—幻影马车出手计算\世界ol—幻影马车出手计算(无初始出手).cpp(323): warning C4244: “=”: 从“float”转换到“int”，可能丢失数据
c:\users\a'use\desktop\世界ol—幻影马车出手计算\世界ol—幻影马车出手计算\世界ol—幻影马车出手计算(无初始出手).cpp(324): warning C4244: “=”: 从“double”转换到“float”，可能丢失数据
c:\users\a'use\desktop\世界ol—幻影马车出手计算\世界ol—幻影马车出手计算\世界ol—幻影马车出手计算(无初始出手).cpp(325): warning C4244: “=”: 从“float”转换到“int”，可能丢失数据
c:\users\a'use\desktop\世界ol—幻影马车出手计算\世界ol—幻影马车出手计算\世界ol—幻影马车出手计算(无初始出手).cpp(328): warning C4244: “=”: 从“float”转换到“int”，可能丢失数据
c:\users\a'use\desktop\世界ol—幻影马车出手计算\世界ol—幻影马车出手计算\世界ol—幻影马车出手计算(无初始出手).cpp(329): warning C4244: “=”: 从“double”转换到“float”，可能丢失数据
c:\users\a'use\desktop\世界ol—幻影马车出手计算\世界ol—幻影马车出手计算\世界ol—幻影马车出手计算(无初始出手).cpp(330): warning C4244: “=”: 从“float”转换到“int”，可能丢失数据
c:\users\a'use\desktop\世界ol—幻影马车出手计算\世界ol—幻影马车出手计算\世界ol—幻影马车出手计算(无初始出手).cpp(333): warning C4244: “=”: 从“float”转换到“int”，可能丢失数据
c:\users\a'use\desktop\世界ol—幻影马车出手计算\世界ol—幻影马车出手计算\世界ol—幻影马车出手计算(无初始出手).cpp(334): warning C4244: “=”: 从“double”转换到“float”，可能丢失数据
c:\users\a'use\desktop\世界ol—幻影马车出手计算\世界ol—幻影马车出手计算\世界ol—幻影马车出手计算(无初始出手).cpp(335): warning C4244: “=”: 从“float”转换到“int”，可能丢失数据
c:\users\a'use\desktop\世界ol—幻影马车出手计算\世界ol—幻影马车出手计算\世界ol—幻影马车出手计算(无初始出手).cpp(338): warning C4244: “=”: 从“float”转换到“int”，可能丢失数据
c:\users\a'use\desktop\世界ol—幻影马车出手计算\世界ol—幻影马车出手计算\世界ol—幻影马车出手计算(无初始出手).cpp(339): warning C4244: “=”: 从“double”转换到“float”，可能丢失数据
c:\users\a'use\desktop\世界ol—幻影马车出手计算\世界ol—幻影马车出手计算\世界ol—幻影马车出手计算(无初始出手).cpp(340): warning C4244: “=”: 从“float”转换到“int”，可能丢失数据
c:\users\a'use\desktop\世界ol—幻影马车出手计算\世界ol—幻影马车出手计算\世界ol—幻影马车出手计算(无初始出手).cpp(343): warning C4244: “=”: 从“float”转换到“int”，可能丢失数据
c:\users\a'use\desktop\世界ol—幻影马车出手计算\世界ol—幻影马车出手计算\世界ol—幻影马车出手计算(无初始出手).cpp(344): warning C4244: “=”: 从“double”转换到“float”，可能丢失数据
c:\users\a'use\desktop\世界ol—幻影马车出手计算\世界ol—幻影马车出手计算\世界ol—幻影马车出手计算(无初始出手).cpp(345): warning C4244: “=”: 从“float”转换到“int”，可能丢失数据
c:\users\a'use\desktop\世界ol—幻影马车出手计算\世界ol—幻影马车出手计算\世界ol—幻影马车出手计算(无初始出手).cpp(348): warning C4244: “=”: 从“double”转换到“float”，可能丢失数据
c:\users\a'use\desktop\世界ol—幻影马车出手计算\世界ol—幻影马车出手计算\世界ol—幻影马车出手计算(无初始出手).cpp(355): warning C4244: “=”: 从“float”转换到“int”，可能丢失数据
c:\users\a'use\desktop\世界ol—幻影马车出手计算\世界ol—幻影马车出手计算\世界ol—幻影马车出手计算(无初始出手).cpp(356): warning C4244: “=”: 从“double”转换到“float”，可能丢失数据
c:\users\a'use\desktop\世界ol—幻影马车出手计算\世界ol—幻影马车出手计算\世界ol—幻影马车出手计算(无初始出手).cpp(357): warning C4244: “=”: 从“float”转换到“int”，可能丢失数据
c:\users\a'use\desktop\世界ol—幻影马车出手计算\世界ol—幻影马车出手计算\世界ol—幻影马车出手计算(无初始出手).cpp(366): warning C4244: “=”: 从“float”转换到“int”，可能丢失数据
c:\users\a'use\desktop\世界ol—幻影马车出手计算\世界ol—幻影马车出手计算\世界ol—幻影马车出手计算(无初始出手).cpp(367): warning C4244: “=”: 从“double”转换到“float”，可能丢失数据
c:\users\a'use\desktop\世界ol—幻影马车出手计算\世界ol—幻影马车出手计算\世界ol—幻影马车出手计算(无初始出手).cpp(368): warning C4244: “=”: 从“float”转换到“int”，可能丢失数据
c:\users\a'use\desktop\世界ol—幻影马车出手计算\世界ol—幻影马车出手计算\世界ol—幻影马车出手计算(无初始出手).cpp(371): warning C4244: “=”: 从“float”转换到“int”，可能丢失数据
c:\users\a'use\desktop\世界ol—幻影马车出手计算\世界ol—幻影马车出手计算\世界ol—幻影马车出手计算(无初始出手).cpp(372): warning C4244: “=”: 从“double”转换到“float”，可能丢失数据
c:\users\a'use\desktop\世界ol—幻影马车出手计算\世界ol—幻影马车出手计算\世界ol—幻影马车出手计算(无初始出手).cpp(373): warning C4244: “=”: 从“float”转换到“int”，可能丢失数据
c:\users\a'use\desktop\世界ol—幻影马车出手计算\世界ol—幻影马车出手计算\世界ol—幻影马车出手计算(无初始出手).cpp(376): warning C4244: “=”: 从“float”转换到“int”，可能丢失数据
c:\users\a'use\desktop\世界ol—幻影马车出手计算\世界ol—幻影马车出手计算\世界ol—幻影马车出手计算(无初始出手).cpp(377): warning C4244: “=”: 从“double”转换到“float”，可能丢失数据
c:\users\a'use\desktop\世界ol—幻影马车出手计算\世界ol—幻影马车出手计算\世界ol—幻影马车出手计算(无初始出手).cpp(378): warning C4244: “=”: 从“float”转换到“int”，可能丢失数据
c:\users\a'use\desktop\世界ol—幻影马车出手计算\世界ol—幻影马车出手计算\世界ol—幻影马车出手计算(无初始出手).cpp(381): warning C4244: “=”: 从“float”转换到“int”，可能丢失数据
c:\users\a'use\desktop\世界ol—幻影马车出手计算\世界ol—幻影马车出手计算\世界ol—幻影马车出手计算(无初始出手).cpp(382): warning C4244: “=”: 从“double”转换到“float”，可能丢失数据
c:\users\a'use\desktop\世界ol—幻影马车出手计算\世界ol—幻影马车出手计算\世界ol—幻影马车出手计算(无初始出手).cpp(383): warning C4244: “=”: 从“float”转换到“int”，可能丢失数据
c:\users\a'use\desktop\世界ol—幻影马车出手计算\世界ol—幻影马车出手计算\世界ol—幻影马车出手计算(无初始出手).cpp(386): warning C4244: “=”: 从“float”转换到“int”，可能丢失数据
c:\users\a'use\desktop\世界ol—幻影马车出手计算\世界ol—幻影马车出手计算\世界ol—幻影马车出手计算(无初始出手).cpp(387): warning C4244: “=”: 从“double”转换到“float”，可能丢失数据
c:\users\a'use\desktop\世界ol—幻影马车出手计算\世界ol—幻影马车出手计算\世界ol—幻影马车出手计算(无初始出手).cpp(388): warning C4244: “=”: 从“float”转换到“int”，可能丢失数据
c:\users\a'use\desktop\世界ol—幻影马车出手计算\世界ol—幻影马车出手计算\世界ol—幻影马车出手计算(无初始出手).cpp(391): warning C4244: “=”: 从“float”转换到“int”，可能丢失数据
c:\users\a'use\desktop\世界ol—幻影马车出手计算\世界ol—幻影马车出手计算\世界ol—幻影马车出手计算(无初始出手).cpp(392): warning C4244: “=”: 从“double”转换到“float”，可能丢失数据
c:\users\a'use\desktop\世界ol—幻影马车出手计算\世界ol—幻影马车出手计算\世界ol—幻影马车出手计算(无初始出手).cpp(393): warning C4244: “=”: 从“float”转换到“int”，可能丢失数据
c:\users\a'use\desktop\世界ol—幻影马车出手计算\世界ol—幻影马车出手计算\世界ol—幻影马车出手计算(无初始出手).cpp(396): warning C4244: “=”: 从“float”转换到“int”，可能丢失数据
c:\users\a'use\desktop\世界ol—幻影马车出手计算\世界ol—幻影马车出手计算\世界ol—幻影马车出手计算(无初始出手).cpp(397): warning C4244: “=”: 从“double”转换到“float”，可能丢失数据
c:\users\a'use\desktop\世界ol—幻影马车出手计算\世界ol—幻影马车出手计算\世界ol—幻影马车出手计算(无初始出手).cpp(398): warning C4244: “=”: 从“float”转换到“int”，可能丢失数据
c:\users\a'use\desktop\世界ol—幻影马车出手计算\世界ol—幻影马车出手计算\世界ol—幻影马车出手计算(无初始出手).cpp(401): warning C4244: “=”: 从“float”转换到“int”，可能丢失数据
c:\users\a'use\desktop\世界ol—幻影马车出手计算\世界ol—幻影马车出手计算\世界ol—幻影马车出手计算(无初始出手).cpp(402): warning C4244: “=”: 从“double”转换到“float”，可能丢失数据
c:\users\a'use\desktop\世界ol—幻影马车出手计算\世界ol—幻影马车出手计算\世界ol—幻影马车出手计算(无初始出手).cpp(403): warning C4244: “=”: 从“float”转换到“int”，可能丢失数据
c:\users\a'use\desktop\世界ol—幻影马车出手计算\世界ol—幻影马车出手计算\世界ol—幻影马车出手计算(无初始出手).cpp(406): warning C4244: “=”: 从“double”转换到“float”，可能丢失数据
  世界ol—幻影马车出手计算(有初始出手).cpp
c:\users\a'use\desktop\世界ol—幻影马车出手计算\世界ol—幻影马车出手计算\世界ol—幻影马车出手计算(有初始出手).cpp(59): warning C4244: “=”: 从“double”转换到“float”，可能丢失数据
c:\users\a'use\desktop\世界ol—幻影马车出手计算\世界ol—幻影马车出手计算\世界ol—幻影马车出手计算(有初始出手).cpp(76): warning C4244: “=”: 从“float”转换到“int”，可能丢失数据
c:\users\a'use\desktop\世界ol—幻影马车出手计算\世界ol—幻影马车出手计算\世界ol—幻影马车出手计算(有初始出手).cpp(77): warning C4244: “=”: 从“double”转换到“float”，可能丢失数据
c:\users\a'use\desktop\世界ol—幻影马车出手计算\世界ol—幻影马车出手计算\世界ol—幻影马车出手计算(有初始出手).cpp(78): warning C4244: “=”: 从“float”转换到“int”，可能丢失数据
c:\users\a'use\desktop\世界ol—幻影马车出手计算\世界ol—幻影马车出手计算\世界ol—幻影马车出手计算(有初始出手).cpp(87): warning C4244: “=”: 从“double”转换到“float”，可能丢失数据
c:\users\a'use\desktop\世界ol—幻影马车出手计算\世界ol—幻影马车出手计算\世界ol—幻影马车出手计算(有初始出手).cpp(99): warning C4244: “=”: 从“float”转换到“int”，可能丢失数据
c:\users\a'use\desktop\世界ol—幻影马车出手计算\世界ol—幻影马车出手计算\世界ol—幻影马车出手计算(有初始出手).cpp(100): warning C4244: “=”: 从“double”转换到“float”，可能丢失数据
c:\users\a'use\desktop\世界ol—幻影马车出手计算\世界ol—幻影马车出手计算\世界ol—幻影马车出手计算(有初始出手).cpp(101): warning C4244: “=”: 从“float”转换到“int”，可能丢失数据
c:\users\a'use\desktop\世界ol—幻影马车出手计算\世界ol—幻影马车出手计算\世界ol—幻影马车出手计算(有初始出手).cpp(110): warning C4244: “=”: 从“float”转换到“int”，可能丢失数据
c:\users\a'use\desktop\世界ol—幻影马车出手计算\世界ol—幻影马车出手计算\世界ol—幻影马车出手计算(有初始出手).cpp(111): warning C4244: “=”: 从“double”转换到“float”，可能丢失数据
c:\users\a'use\desktop\世界ol—幻影马车出手计算\世界ol—幻影马车出手计算\世界ol—幻影马车出手计算(有初始出手).cpp(112): warning C4244: “=”: 从“float”转换到“int”，可能丢失数据
c:\users\a'use\desktop\世界ol—幻影马车出手计算\世界ol—幻影马车出手计算\世界ol—幻影马车出手计算(有初始出手).cpp(115): warning C4244: “=”: 从“double”转换到“float”，可能丢失数据
c:\users\a'use\desktop\世界ol—幻影马车出手计算\世界ol—幻影马车出手计算\世界ol—幻影马车出手计算(有初始出手).cpp(123): warning C4244: “=”: 从“float”转换到“int”，可能丢失数据
c:\users\a'use\desktop\世界ol—幻影马车出手计算\世界ol—幻影马车出手计算\世界ol—幻影马车出手计算(有初始出手).cpp(124): warning C4244: “=”: 从“double”转换到“float”，可能丢失数据
c:\users\a'use\desktop\世界ol—幻影马车出手计算\世界ol—幻影马车出手计算\世界ol—幻影马车出手计算(有初始出手).cpp(125): warning C4244: “=”: 从“float”转换到“int”，可能丢失数据
c:\users\a'use\desktop\世界ol—幻影马车出手计算\世界ol—幻影马车出手计算\世界ol—幻影马车出手计算(有初始出手).cpp(134): warning C4244: “=”: 从“float”转换到“int”，可能丢失数据
c:\users\a'use\desktop\世界ol—幻影马车出手计算\世界ol—幻影马车出手计算\世界ol—幻影马车出手计算(有初始出手).cpp(135): warning C4244: “=”: 从“double”转换到“float”，可能丢失数据
c:\users\a'use\desktop\世界ol—幻影马车出手计算\世界ol—幻影马车出手计算\世界ol—幻影马车出手计算(有初始出手).cpp(136): warning C4244: “=”: 从“float”转换到“int”，可能丢失数据
c:\users\a'use\desktop\世界ol—幻影马车出手计算\世界ol—幻影马车出手计算\世界ol—幻影马车出手计算(有初始出手).cpp(139): warning C4244: “=”: 从“float”转换到“int”，可能丢失数据
c:\users\a'use\desktop\世界ol—幻影马车出手计算\世界ol—幻影马车出手计算\世界ol—幻影马车出手计算(有初始出手).cpp(140): warning C4244: “=”: 从“double”转换到“float”，可能丢失数据
c:\users\a'use\desktop\世界ol—幻影马车出手计算\世界ol—幻影马车出手计算\世界ol—幻影马车出手计算(有初始出手).cpp(141): warning C4244: “=”: 从“float”转换到“int”，可能丢失数据
c:\users\a'use\desktop\世界ol—幻影马车出手计算\世界ol—幻影马车出手计算\世界ol—幻影马车出手计算(有初始出手).cpp(144): warning C4244: “=”: 从“double”转换到“float”，可能丢失数据
c:\users\a'use\desktop\世界ol—幻影马车出手计算\世界ol—幻影马车出手计算\世界ol—幻影马车出手计算(有初始出手).cpp(152): warning C4244: “=”: 从“float”转换到“int”，可能丢失数据
c:\users\a'use\desktop\世界ol—幻影马车出手计算\世界ol—幻影马车出手计算\世界ol—幻影马车出手计算(有初始出手).cpp(153): warning C4244: “=”: 从“double”转换到“float”，可能丢失数据
c:\users\a'use\desktop\世界ol—幻影马车出手计算\世界ol—幻影马车出手计算\世界ol—幻影马车出手计算(有初始出手).cpp(154): warning C4244: “=”: 从“float”转换到“int”，可能丢失数据
c:\users\a'use\desktop\世界ol—幻影马车出手计算\世界ol—幻影马车出手计算\世界ol—幻影马车出手计算(有初始出手).cpp(163): warning C4244: “=”: 从“float”转换到“int”，可能丢失数据
c:\users\a'use\desktop\世界ol—幻影马车出手计算\世界ol—幻影马车出手计算\世界ol—幻影马车出手计算(有初始出手).cpp(164): warning C4244: “=”: 从“double”转换到“float”，可能丢失数据
c:\users\a'use\desktop\世界ol—幻影马车出手计算\世界ol—幻影马车出手计算\世界ol—幻影马车出手计算(有初始出手).cpp(165): warning C4244: “=”: 从“float”转换到“int”，可能丢失数据
c:\users\a'use\desktop\世界ol—幻影马车出手计算\世界ol—幻影马车出手计算\世界ol—幻影马车出手计算(有初始出手).cpp(168): warning C4244: “=”: 从“float”转换到“int”，可能丢失数据
c:\users\a'use\desktop\世界ol—幻影马车出手计算\世界ol—幻影马车出手计算\世界ol—幻影马车出手计算(有初始出手).cpp(169): warning C4244: “=”: 从“double”转换到“float”，可能丢失数据
c:\users\a'use\desktop\世界ol—幻影马车出手计算\世界ol—幻影马车出手计算\世界ol—幻影马车出手计算(有初始出手).cpp(170): warning C4244: “=”: 从“float”转换到“int”，可能丢失数据
c:\users\a'use\desktop\世界ol—幻影马车出手计算\世界ol—幻影马车出手计算\世界ol—幻影马车出手计算(有初始出手).cpp(173): warning C4244: “=”: 从“float”转换到“int”，可能丢失数据
c:\users\a'use\desktop\世界ol—幻影马车出手计算\世界ol—幻影马车出手计算\世界ol—幻影马车出手计算(有初始出手).cpp(174): warning C4244: “=”: 从“double”转换到“float”，可能丢失数据
c:\users\a'use\desktop\世界ol—幻影马车出手计算\世界ol—幻影马车出手计算\世界ol—幻影马车出手计算(有初始出手).cpp(175): warning C4244: “=”: 从“float”转换到“int”，可能丢失数据
c:\users\a'use\desktop\世界ol—幻影马车出手计算\世界ol—幻影马车出手计算\世界ol—幻影马车出手计算(有初始出手).cpp(178): warning C4244: “=”: 从“double”转换到“float”，可能丢失数据
c:\users\a'use\desktop\世界ol—幻影马车出手计算\世界ol—幻影马车出手计算\世界ol—幻影马车出手计算(有初始出手).cpp(186): warning C4244: “=”: 从“float”转换到“int”，可能丢失数据
c:\users\a'use\desktop\世界ol—幻影马车出手计算\世界ol—幻影马车出手计算\世界ol—幻影马车出手计算(有初始出手).cpp(187): warning C4244: “=”: 从“double”转换到“float”，可能丢失数据
c:\users\a'use\desktop\世界ol—幻影马车出手计算\世界ol—幻影马车出手计算\世界ol—幻影马车出手计算(有初始出手).cpp(188): warning C4244: “=”: 从“float”转换到“int”，可能丢失数据
c:\users\a'use\desktop\世界ol—幻影马车出手计算\世界ol—幻影马车出手计算\世界ol—幻影马车出手计算(有初始出手).cpp(197): warning C4244: “=”: 从“float”转换到“int”，可能丢失数据
c:\users\a'use\desktop\世界ol—幻影马车出手计算\世界ol—幻影马车出手计算\世界ol—幻影马车出手计算(有初始出手).cpp(198): warning C4244: “=”: 从“double”转换到“float”，可能丢失数据
c:\users\a'use\desktop\世界ol—幻影马车出手计算\世界ol—幻影马车出手计算\世界ol—幻影马车出手计算(有初始出手).cpp(199): warning C4244: “=”: 从“float”转换到“int”，可能丢失数据
c:\users\a'use\desktop\世界ol—幻影马车出手计算\世界ol—幻影马车出手计算\世界ol—幻影马车出手计算(有初始出手).cpp(202): warning C4244: “=”: 从“float”转换到“int”，可能丢失数据
c:\users\a'use\desktop\世界ol—幻影马车出手计算\世界ol—幻影马车出手计算\世界ol—幻影马车出手计算(有初始出手).cpp(203): warning C4244: “=”: 从“double”转换到“float”，可能丢失数据
c:\users\a'use\desktop\世界ol—幻影马车出手计算\世界ol—幻影马车出手计算\世界ol—幻影马车出手计算(有初始出手).cpp(204): warning C4244: “=”: 从“float”转换到“int”，可能丢失数据
c:\users\a'use\desktop\世界ol—幻影马车出手计算\世界ol—幻影马车出手计算\世界ol—幻影马车出手计算(有初始出手).cpp(207): warning C4244: “=”: 从“float”转换到“int”，可能丢失数据
c:\users\a'use\desktop\世界ol—幻影马车出手计算\世界ol—幻影马车出手计算\世界ol—幻影马车出手计算(有初始出手).cpp(208): warning C4244: “=”: 从“double”转换到“float”，可能丢失数据
c:\users\a'use\desktop\世界ol—幻影马车出手计算\世界ol—幻影马车出手计算\世界ol—幻影马车出手计算(有初始出手).cpp(209): warning C4244: “=”: 从“float”转换到“int”，可能丢失数据
c:\users\a'use\desktop\世界ol—幻影马车出手计算\世界ol—幻影马车出手计算\世界ol—幻影马车出手计算(有初始出手).cpp(212): warning C4244: “=”: 从“float”转换到“int”，可能丢失数据
c:\users\a'use\desktop\世界ol—幻影马车出手计算\世界ol—幻影马车出手计算\世界ol—幻影马车出手计算(有初始出手).cpp(213): warning C4244: “=”: 从“double”转换到“float”，可能丢失数据
c:\users\a'use\desktop\世界ol—幻影马车出手计算\世界ol—幻影马车出手计算\世界ol—幻影马车出手计算(有初始出手).cpp(214): warning C4244: “=”: 从“float”转换到“int”，可能丢失数据
c:\users\a'use\desktop\世界ol—幻影马车出手计算\世界ol—幻影马车出手计算\世界ol—幻影马车出手计算(有初始出手).cpp(217): warning C4244: “=”: 从“double”转换到“float”，可能丢失数据
c:\users\a'use\desktop\世界ol—幻影马车出手计算\世界ol—幻影马车出手计算\世界ol—幻影马车出手计算(有初始出手).cpp(225): warning C4244: “=”: 从“float”转换到“int”，可能丢失数据
c:\users\a'use\desktop\世界ol—幻影马车出手计算\世界ol—幻影马车出手计算\世界ol—幻影马车出手计算(有初始出手).cpp(226): warning C4244: “=”: 从“double”转换到“float”，可能丢失数据
c:\users\a'use\desktop\世界ol—幻影马车出手计算\世界ol—幻影马车出手计算\世界ol—幻影马车出手计算(有初始出手).cpp(227): warning C4244: “=”: 从“float”转换到“int”，可能丢失数据
c:\users\a'use\desktop\世界ol—幻影马车出手计算\世界ol—幻影马车出手计算\世界ol—幻影马车出手计算(有初始出手).cpp(236): warning C4244: “=”: 从“float”转换到“int”，可能丢失数据
c:\users\a'use\desktop\世界ol—幻影马车出手计算\世界ol—幻影马车出手计算\世界ol—幻影马车出手计算(有初始出手).cpp(237): warning C4244: “=”: 从“double”转换到“float”，可能丢失数据
c:\users\a'use\desktop\世界ol—幻影马车出手计算\世界ol—幻影马车出手计算\世界ol—幻影马车出手计算(有初始出手).cpp(238): warning C4244: “=”: 从“float”转换到“int”，可能丢失数据
c:\users\a'use\desktop\世界ol—幻影马车出手计算\世界ol—幻影马车出手计算\世界ol—幻影马车出手计算(有初始出手).cpp(241): warning C4244: “=”: 从“float”转换到“int”，可能丢失数据
c:\users\a'use\desktop\世界ol—幻影马车出手计算\世界ol—幻影马车出手计算\世界ol—幻影马车出手计算(有初始出手).cpp(242): warning C4244: “=”: 从“double”转换到“float”，可能丢失数据
c:\users\a'use\desktop\世界ol—幻影马车出手计算\世界ol—幻影马车出手计算\世界ol—幻影马车出手计算(有初始出手).cpp(243): warning C4244: “=”: 从“float”转换到“int”，可能丢失数据
c:\users\a'use\desktop\世界ol—幻影马车出手计算\世界ol—幻影马车出手计算\世界ol—幻影马车出手计算(有初始出手).cpp(246): warning C4244: “=”: 从“float”转换到“int”，可能丢失数据
c:\users\a'use\desktop\世界ol—幻影马车出手计算\世界ol—幻影马车出手计算\世界ol—幻影马车出手计算(有初始出手).cpp(247): warning C4244: “=”: 从“double”转换到“float”，可能丢失数据
c:\users\a'use\desktop\世界ol—幻影马车出手计算\世界ol—幻影马车出手计算\世界ol—幻影马车出手计算(有初始出手).cpp(248): warning C4244: “=”: 从“float”转换到“int”，可能丢失数据
c:\users\a'use\desktop\世界ol—幻影马车出手计算\世界ol—幻影马车出手计算\世界ol—幻影马车出手计算(有初始出手).cpp(251): warning C4244: “=”: 从“float”转换到“int”，可能丢失数据
c:\users\a'use\desktop\世界ol—幻影马车出手计算\世界ol—幻影马车出手计算\世界ol—幻影马车出手计算(有初始出手).cpp(252): warning C4244: “=”: 从“double”转换到“float”，可能丢失数据
c:\users\a'use\desktop\世界ol—幻影马车出手计算\世界ol—幻影马车出手计算\世界ol—幻影马车出手计算(有初始出手).cpp(253): warning C4244: “=”: 从“float”转换到“int”，可能丢失数据
c:\users\a'use\desktop\世界ol—幻影马车出手计算\世界ol—幻影马车出手计算\世界ol—幻影马车出手计算(有初始出手).cpp(256): warning C4244: “=”: 从“float”转换到“int”，可能丢失数据
c:\users\a'use\desktop\世界ol—幻影马车出手计算\世界ol—幻影马车出手计算\世界ol—幻影马车出手计算(有初始出手).cpp(257): warning C4244: “=”: 从“double”转换到“float”，可能丢失数据
c:\users\a'use\desktop\世界ol—幻影马车出手计算\世界ol—幻影马车出手计算\世界ol—幻影马车出手计算(有初始出手).cpp(258): warning C4244: “=”: 从“float”转换到“int”，可能丢失数据
c:\users\a'use\desktop\世界ol—幻影马车出手计算\世界ol—幻影马车出手计算\世界ol—幻影马车出手计算(有初始出手).cpp(261): warning C4244: “=”: 从“double”转换到“float”，可能丢失数据
c:\users\a'use\desktop\世界ol—幻影马车出手计算\世界ol—幻影马车出手计算\世界ol—幻影马车出手计算(有初始出手).cpp(269): warning C4244: “=”: 从“float”转换到“int”，可能丢失数据
c:\users\a'use\desktop\世界ol—幻影马车出手计算\世界ol—幻影马车出手计算\世界ol—幻影马车出手计算(有初始出手).cpp(270): warning C4244: “=”: 从“double”转换到“float”，可能丢失数据
c:\users\a'use\desktop\世界ol—幻影马车出手计算\世界ol—幻影马车出手计算\世界ol—幻影马车出手计算(有初始出手).cpp(271): warning C4244: “=”: 从“float”转换到“int”，可能丢失数据
c:\users\a'use\desktop\世界ol—幻影马车出手计算\世界ol—幻影马车出手计算\世界ol—幻影马车出手计算(有初始出手).cpp(280): warning C4244: “=”: 从“float”转换到“int”，可能丢失数据
c:\users\a'use\desktop\世界ol—幻影马车出手计算\世界ol—幻影马车出手计算\世界ol—幻影马车出手计算(有初始出手).cpp(281): warning C4244: “=”: 从“double”转换到“float”，可能丢失数据
c:\users\a'use\desktop\世界ol—幻影马车出手计算\世界ol—幻影马车出手计算\世界ol—幻影马车出手计算(有初始出手).cpp(282): warning C4244: “=”: 从“float”转换到“int”，可能丢失数据
c:\users\a'use\desktop\世界ol—幻影马车出手计算\世界ol—幻影马车出手计算\世界ol—幻影马车出手计算(有初始出手).cpp(285): warning C4244: “=”: 从“float”转换到“int”，可能丢失数据
c:\users\a'use\desktop\世界ol—幻影马车出手计算\世界ol—幻影马车出手计算\世界ol—幻影马车出手计算(有初始出手).cpp(286): warning C4244: “=”: 从“double”转换到“float”，可能丢失数据
c:\users\a'use\desktop\世界ol—幻影马车出手计算\世界ol—幻影马车出手计算\世界ol—幻影马车出手计算(有初始出手).cpp(287): warning C4244: “=”: 从“float”转换到“int”，可能丢失数据
c:\users\a'use\desktop\世界ol—幻影马车出手计算\世界ol—幻影马车出手计算\世界ol—幻影马车出手计算(有初始出手).cpp(290): warning C4244: “=”: 从“float”转换到“int”，可能丢失数据
c:\users\a'use\desktop\世界ol—幻影马车出手计算\世界ol—幻影马车出手计算\世界ol—幻影马车出手计算(有初始出手).cpp(291): warning C4244: “=”: 从“double”转换到“float”，可能丢失数据
c:\users\a'use\desktop\世界ol—幻影马车出手计算\世界ol—幻影马车出手计算\世界ol—幻影马车出手计算(有初始出手).cpp(292): warning C4244: “=”: 从“float”转换到“int”，可能丢失数据
c:\users\a'use\desktop\世界ol—幻影马车出手计算\世界ol—幻影马车出手计算\世界ol—幻影马车出手计算(有初始出手).cpp(295): warning C4244: “=”: 从“float”转换到“int”，可能丢失数据
c:\users\a'use\desktop\世界ol—幻影马车出手计算\世界ol—幻影马车出手计算\世界ol—幻影马车出手计算(有初始出手).cpp(296): warning C4244: “=”: 从“double”转换到“float”，可能丢失数据
c:\users\a'use\desktop\世界ol—幻影马车出手计算\世界ol—幻影马车出手计算\世界ol—幻影马车出手计算(有初始出手).cpp(297): warning C4244: “=”: 从“float”转换到“int”，可能丢失数据
c:\users\a'use\desktop\世界ol—幻影马车出手计算\世界ol—幻影马车出手计算\世界ol—幻影马车出手计算(有初始出手).cpp(300): warning C4244: “=”: 从“float”转换到“int”，可能丢失数据
c:\users\a'use\desktop\世界ol—幻影马车出手计算\世界ol—幻影马车出手计算\世界ol—幻影马车出手计算(有初始出手).cpp(301): warning C4244: “=”: 从“double”转换到“float”，可能丢失数据
c:\users\a'use\desktop\世界ol—幻影马车出手计算\世界ol—幻影马车出手计算\世界ol—幻影马车出手计算(有初始出手).cpp(302): warning C4244: “=”: 从“float”转换到“int”，可能丢失数据
c:\users\a'use\desktop\世界ol—幻影马车出手计算\世界ol—幻影马车出手计算\世界ol—幻影马车出手计算(有初始出手).cpp(305): warning C4244: “=”: 从“float”转换到“int”，可能丢失数据
c:\users\a'use\desktop\世界ol—幻影马车出手计算\世界ol—幻影马车出手计算\世界ol—幻影马车出手计算(有初始出手).cpp(306): warning C4244: “=”: 从“double”转换到“float”，可能丢失数据
c:\users\a'use\desktop\世界ol—幻影马车出手计算\世界ol—幻影马车出手计算\世界ol—幻影马车出手计算(有初始出手).cpp(307): warning C4244: “=”: 从“float”转换到“int”，可能丢失数据
c:\users\a'use\desktop\世界ol—幻影马车出手计算\世界ol—幻影马车出手计算\世界ol—幻影马车出手计算(有初始出手).cpp(310): warning C4244: “=”: 从“double”转换到“float”，可能丢失数据
c:\users\a'use\desktop\世界ol—幻影马车出手计算\世界ol—幻影马车出手计算\世界ol—幻影马车出手计算(有初始出手).cpp(318): warning C4244: “=”: 从“float”转换到“int”，可能丢失数据
c:\users\a'use\desktop\世界ol—幻影马车出手计算\世界ol—幻影马车出手计算\世界ol—幻影马车出手计算(有初始出手).cpp(319): warning C4244: “=”: 从“double”转换到“float”，可能丢失数据
c:\users\a'use\desktop\世界ol—幻影马车出手计算\世界ol—幻影马车出手计算\世界ol—幻影马车出手计算(有初始出手).cpp(320): warning C4244: “=”: 从“float”转换到“int”，可能丢失数据
c:\users\a'use\desktop\世界ol—幻影马车出手计算\世界ol—幻影马车出手计算\世界ol—幻影马车出手计算(有初始出手).cpp(329): warning C4244: “=”: 从“float”转换到“int”，可能丢失数据
c:\users\a'use\desktop\世界ol—幻影马车出手计算\世界ol—幻影马车出手计算\世界ol—幻影马车出手计算(有初始出手).cpp(330): warning C4244: “=”: 从“double”转换到“float”，可能丢失数据
c:\users\a'use\desktop\世界ol—幻影马车出手计算\世界ol—幻影马车出手计算\世界ol—幻影马车出手计算(有初始出手).cpp(331): warning C4244: “=”: 从“float”转换到“int”，可能丢失数据
c:\users\a'use\desktop\世界ol—幻影马车出手计算\世界ol—幻影马车出手计算\世界ol—幻影马车出手计算(有初始出手).cpp(334): warning C4244: “=”: 从“float”转换到“int”，可能丢失数据
c:\users\a'use\desktop\世界ol—幻影马车出手计算\世界ol—幻影马车出手计算\世界ol—幻影马车出手计算(有初始出手).cpp(335): warning C4244: “=”: 从“double”转换到“float”，可能丢失数据
c:\users\a'use\desktop\世界ol—幻影马车出手计算\世界ol—幻影马车出手计算\世界ol—幻影马车出手计算(有初始出手).cpp(336): warning C4244: “=”: 从“float”转换到“int”，可能丢失数据
c:\users\a'use\desktop\世界ol—幻影马车出手计算\世界ol—幻影马车出手计算\世界ol—幻影马车出手计算(有初始出手).cpp(339): warning C4244: “=”: 从“float”转换到“int”，可能丢失数据
c:\users\a'use\desktop\世界ol—幻影马车出手计算\世界ol—幻影马车出手计算\世界ol—幻影马车出手计算(有初始出手).cpp(340): warning C4244: “=”: 从“double”转换到“float”，可能丢失数据
c:\users\a'use\desktop\世界ol—幻影马车出手计算\世界ol—幻影马车出手计算\世界ol—幻影马车出手计算(有初始出手).cpp(341): warning C4244: “=”: 从“float”转换到“int”，可能丢失数据
c:\users\a'use\desktop\世界ol—幻影马车出手计算\世界ol—幻影马车出手计算\世界ol—幻影马车出手计算(有初始出手).cpp(344): warning C4244: “=”: 从“float”转换到“int”，可能丢失数据
c:\users\a'use\desktop\世界ol—幻影马车出手计算\世界ol—幻影马车出手计算\世界ol—幻影马车出手计算(有初始出手).cpp(345): warning C4244: “=”: 从“double”转换到“float”，可能丢失数据
c:\users\a'use\desktop\世界ol—幻影马车出手计算\世界ol—幻影马车出手计算\世界ol—幻影马车出手计算(有初始出手).cpp(346): warning C4244: “=”: 从“float”转换到“int”，可能丢失数据
c:\users\a'use\desktop\世界ol—幻影马车出手计算\世界ol—幻影马车出手计算\世界ol—幻影马车出手计算(有初始出手).cpp(349): warning C4244: “=”: 从“float”转换到“int”，可能丢失数据
c:\users\a'use\desktop\世界ol—幻影马车出手计算\世界ol—幻影马车出手计算\世界ol—幻影马车出手计算(有初始出手).cpp(350): warning C4244: “=”: 从“double”转换到“float”，可能丢失数据
c:\users\a'use\desktop\世界ol—幻影马车出手计算\世界ol—幻影马车出手计算\世界ol—幻影马车出手计算(有初始出手).cpp(351): warning C4244: “=”: 从“float”转换到“int”，可能丢失数据
c:\users\a'use\desktop\世界ol—幻影马车出手计算\世界ol—幻影马车出手计算\世界ol—幻影马车出手计算(有初始出手).cpp(354): warning C4244: “=”: 从“float”转换到“int”，可能丢失数据
c:\users\a'use\desktop\世界ol—幻影马车出手计算\世界ol—幻影马车出手计算\世界ol—幻影马车出手计算(有初始出手).cpp(355): warning C4244: “=”: 从“double”转换到“float”，可能丢失数据
c:\users\a'use\desktop\世界ol—幻影马车出手计算\世界ol—幻影马车出手计算\世界ol—幻影马车出手计算(有初始出手).cpp(356): warning C4244: “=”: 从“float”转换到“int”，可能丢失数据
c:\users\a'use\desktop\世界ol—幻影马车出手计算\世界ol—幻影马车出手计算\世界ol—幻影马车出手计算(有初始出手).cpp(359): warning C4244: “=”: 从“float”转换到“int”，可能丢失数据
c:\users\a'use\desktop\世界ol—幻影马车出手计算\世界ol—幻影马车出手计算\世界ol—幻影马车出手计算(有初始出手).cpp(360): warning C4244: “=”: 从“double”转换到“float”，可能丢失数据
c:\users\a'use\desktop\世界ol—幻影马车出手计算\世界ol—幻影马车出手计算\世界ol—幻影马车出手计算(有初始出手).cpp(361): warning C4244: “=”: 从“float”转换到“int”，可能丢失数据
c:\users\a'use\desktop\世界ol—幻影马车出手计算\世界ol—幻影马车出手计算\世界ol—幻影马车出手计算(有初始出手).cpp(364): warning C4244: “=”: 从“double”转换到“float”，可能丢失数据
c:\users\a'use\desktop\世界ol—幻影马车出手计算\世界ol—幻影马车出手计算\世界ol—幻影马车出手计算(有初始出手).cpp(372): warning C4244: “=”: 从“float”转换到“int”，可能丢失数据
c:\users\a'use\desktop\世界ol—幻影马车出手计算\世界ol—幻影马车出手计算\世界ol—幻影马车出手计算(有初始出手).cpp(373): warning C4244: “=”: 从“double”转换到“float”，可能丢失数据
c:\users\a'use\desktop\世界ol—幻影马车出手计算\世界ol—幻影马车出手计算\世界ol—幻影马车出手计算(有初始出手).cpp(374): warning C4244: “=”: 从“float”转换到“int”，可能丢失数据
c:\users\a'use\desktop\世界ol—幻影马车出手计算\世界ol—幻影马车出手计算\世界ol—幻影马车出手计算(有初始出手).cpp(383): warning C4244: “=”: 从“float”转换到“int”，可能丢失数据
c:\users\a'use\desktop\世界ol—幻影马车出手计算\世界ol—幻影马车出手计算\世界ol—幻影马车出手计算(有初始出手).cpp(384): warning C4244: “=”: 从“double”转换到“float”，可能丢失数据
c:\users\a'use\desktop\世界ol—幻影马车出手计算\世界ol—幻影马车出手计算\世界ol—幻影马车出手计算(有初始出手).cpp(385): warning C4244: “=”: 从“float”转换到“int”，可能丢失数据
c:\users\a'use\desktop\世界ol—幻影马车出手计算\世界ol—幻影马车出手计算\世界ol—幻影马车出手计算(有初始出手).cpp(388): warning C4244: “=”: 从“float”转换到“int”，可能丢失数据
c:\users\a'use\desktop\世界ol—幻影马车出手计算\世界ol—幻影马车出手计算\世界ol—幻影马车出手计算(有初始出手).cpp(389): warning C4244: “=”: 从“double”转换到“float”，可能丢失数据
c:\users\a'use\desktop\世界ol—幻影马车出手计算\世界ol—幻影马车出手计算\世界ol—幻影马车出手计算(有初始出手).cpp(390): warning C4244: “=”: 从“float”转换到“int”，可能丢失数据
c:\users\a'use\desktop\世界ol—幻影马车出手计算\世界ol—幻影马车出手计算\世界ol—幻影马车出手计算(有初始出手).cpp(393): warning C4244: “=”: 从“float”转换到“int”，可能丢失数据
c:\users\a'use\desktop\世界ol—幻影马车出手计算\世界ol—幻影马车出手计算\世界ol—幻影马车出手计算(有初始出手).cpp(394): warning C4244: “=”: 从“double”转换到“float”，可能丢失数据
c:\users\a'use\desktop\世界ol—幻影马车出手计算\世界ol—幻影马车出手计算\世界ol—幻影马车出手计算(有初始出手).cpp(395): warning C4244: “=”: 从“float”转换到“int”，可能丢失数据
c:\users\a'use\desktop\世界ol—幻影马车出手计算\世界ol—幻影马车出手计算\世界ol—幻影马车出手计算(有初始出手).cpp(398): warning C4244: “=”: 从“float”转换到“int”，可能丢失数据
c:\users\a'use\desktop\世界ol—幻影马车出手计算\世界ol—幻影马车出手计算\世界ol—幻影马车出手计算(有初始出手).cpp(399): warning C4244: “=”: 从“double”转换到“float”，可能丢失数据
c:\users\a'use\desktop\世界ol—幻影马车出手计算\世界ol—幻影马车出手计算\世界ol—幻影马车出手计算(有初始出手).cpp(400): warning C4244: “=”: 从“float”转换到“int”，可能丢失数据
c:\users\a'use\desktop\世界ol—幻影马车出手计算\世界ol—幻影马车出手计算\世界ol—幻影马车出手计算(有初始出手).cpp(403): warning C4244: “=”: 从“float”转换到“int”，可能丢失数据
c:\users\a'use\desktop\世界ol—幻影马车出手计算\世界ol—幻影马车出手计算\世界ol—幻影马车出手计算(有初始出手).cpp(404): warning C4244: “=”: 从“double”转换到“float”，可能丢失数据
c:\users\a'use\desktop\世界ol—幻影马车出手计算\世界ol—幻影马车出手计算\世界ol—幻影马车出手计算(有初始出手).cpp(405): warning C4244: “=”: 从“float”转换到“int”，可能丢失数据
c:\users\a'use\desktop\世界ol—幻影马车出手计算\世界ol—幻影马车出手计算\世界ol—幻影马车出手计算(有初始出手).cpp(408): warning C4244: “=”: 从“float”转换到“int”，可能丢失数据
c:\users\a'use\desktop\世界ol—幻影马车出手计算\世界ol—幻影马车出手计算\世界ol—幻影马车出手计算(有初始出手).cpp(409): warning C4244: “=”: 从“double”转换到“float”，可能丢失数据
c:\users\a'use\desktop\世界ol—幻影马车出手计算\世界ol—幻影马车出手计算\世界ol—幻影马车出手计算(有初始出手).cpp(410): warning C4244: “=”: 从“float”转换到“int”，可能丢失数据
c:\users\a'use\desktop\世界ol—幻影马车出手计算\世界ol—幻影马车出手计算\世界ol—幻影马车出手计算(有初始出手).cpp(413): warning C4244: “=”: 从“float”转换到“int”，可能丢失数据
c:\users\a'use\desktop\世界ol—幻影马车出手计算\世界ol—幻影马车出手计算\世界ol—幻影马车出手计算(有初始出手).cpp(414): warning C4244: “=”: 从“double”转换到“float”，可能丢失数据
c:\users\a'use\desktop\世界ol—幻影马车出手计算\世界ol—幻影马车出手计算\世界ol—幻影马车出手计算(有初始出手).cpp(415): warning C4244: “=”: 从“float”转换到“int”，可能丢失数据
c:\users\a'use\desktop\世界ol—幻影马车出手计算\世界ol—幻影马车出手计算\世界ol—幻影马车出手计算(有初始出手).cpp(418): warning C4244: “=”: 从“float”转换到“int”，可能丢失数据
c:\users\a'use\desktop\世界ol—幻影马车出手计算\世界ol—幻影马车出手计算\世界ol—幻影马车出手计算(有初始出手).cpp(419): warning C4244: “=”: 从“double”转换到“float”，可能丢失数据
c:\users\a'use\desktop\世界ol—幻影马车出手计算\世界ol—幻影马车出手计算\世界ol—幻影马车出手计算(有初始出手).cpp(420): warning C4244: “=”: 从“float”转换到“int”，可能丢失数据
c:\users\a'use\desktop\世界ol—幻影马车出手计算\世界ol—幻影马车出手计算\世界ol—幻影马车出手计算(有初始出手).cpp(423): warning C4244: “=”: 从“double”转换到“float”，可能丢失数据
  正在生成代码...
  世界ol—幻影马车出手计算.vcxproj -> C:\Users\a'use\Desktop\世界ol—幻影马车出手计算\Debug\世界ol—幻影马车出手计算.exe
